********************************************************************************************************************************************
*   The following results were generated the 08.12.2007 at 14:17:59 with Fstat for windows, V2.9.4  (June. 2003) from file gtrunchier.dat. *
********************************************************************************************************************************************
      		  pop1	  pop2	  pop3	  pop4	  pop5	  pop6	  pop7	  pop8	  pop9	 pop10	 pop11	 pop12	 pop13	 pop14	 pop15	 pop16	 pop17	 pop18	 pop19	 pop20	 pop21	 pop22	 pop23	 pop24	 pop25	 pop26	 pop27	 pop28	 pop29	 All_W	All_UW
	    Locus: L21.V
	     N	    13	    12	    15	    15	    13	    12	    15	    13	    13	    15	    11	    11	    13	    13	    14	    15	    15	    15	    13	    14	    15	    14	    14	    15	    12	     8	    10	     5	     5
	p:   1	 0.000	 0.000	 0.000	 0.000	 0.000	 0.000	 0.000	 0.000	 0.000	 0.000	 0.000	 0.000	 0.038	 0.038	 0.000	 0.000	 0.000	 0.000	 0.000	 0.000	 0.000	 0.000	 0.000	 0.000	 0.000	 0.000	 0.000	 0.000	 0.000	 0.003	 0.003
	p:   2	 0.538	 0.917	 0.333	 0.000	 1.000	 0.000	 0.000	 0.000	 0.000	 0.000	 0.636	 0.636	 0.231	 0.308	 0.071	 0.067	 0.000	 0.000	 0.385	 0.179	 0.067	 0.000	 0.571	 0.000	 0.167	 0.500	 0.150	 0.300	 0.300	 0.234	 0.254
	p:   3	 0.000	 0.000	 0.067	 0.067	 0.000	 0.000	 0.000	 0.000	 0.000	 0.000	 0.000	 0.000	 0.000	 0.000	 0.000	 0.000	 0.000	 0.000	 0.000	 0.821	 0.767	 0.000	 0.429	 0.000	 0.000	 0.000	 0.000	 0.000	 0.000	 0.084	 0.074
	p:   4	 0.000	 0.000	 0.300	 0.633	 0.000	 0.000	 0.000	 0.000	 0.000	 0.000	 0.000	 0.000	 0.000	 0.000	 0.000	 0.000	 0.000	 0.000	 0.000	 0.000	 0.000	 0.000	 0.000	 0.000	 0.000	 0.000	 0.000	 0.000	 0.000	 0.038	 0.032
	p:   5	 0.000	 0.000	 0.000	 0.000	 0.000	 1.000	 1.000	 1.000	 1.000	 1.000	 0.000	 0.000	 0.000	 0.038	 0.929	 0.933	 1.000	 1.000	 0.615	 0.000	 0.167	 1.000	 0.000	 1.000	 0.833	 0.500	 0.850	 0.700	 0.700	 0.529	 0.526
	p:   6	 0.000	 0.000	 0.300	 0.300	 0.000	 0.000	 0.000	 0.000	 0.000	 0.000	 0.364	 0.364	 0.731	 0.615	 0.000	 0.000	 0.000	 0.000	 0.000	 0.000	 0.000	 0.000	 0.000	 0.000	 0.000	 0.000	 0.000	 0.000	 0.000	 0.094	 0.092
	p:   7	 0.462	 0.083	 0.000	 0.000	 0.000	 0.000	 0.000	 0.000	 0.000	 0.000	 0.000	 0.000	 0.000	 0.000	 0.000	 0.000	 0.000	 0.000	 0.000	 0.000	 0.000	 0.000	 0.000	 0.000	 0.000	 0.000	 0.000	 0.000	 0.000	 0.019	 0.019
																																

	    Locus: L37.J
	     N	    13	    12	    15	    15	    13	    12	    15	    14	    11	    15	    11	    11	    13	    13	    14	    15	    15	    15	    13	    14	    15	    14	    14	    15	    12	     8	    10	     5	     5
	p:   1	 0.615	 0.667	 0.400	 0.467	 0.769	 1.000	 1.000	 1.000	 1.000	 1.000	 0.000	 0.000	 0.000	 0.000	 0.000	 0.000	 0.000	 0.000	 0.000	 0.714	 1.000	 1.000	 0.857	 1.000	 0.000	 0.000	 0.000	 0.000	 0.000	 0.469	 0.431
	p:   2	 0.308	 0.333	 0.067	 0.267	 0.231	 0.000	 0.000	 0.000	 0.000	 0.000	 1.000	 1.000	 1.000	 1.000	 0.036	 0.200	 0.133	 0.067	 0.115	 0.000	 0.000	 0.000	 0.000	 0.000	 0.167	 0.375	 0.250	 0.200	 0.100	 0.221	 0.236
	p:   3	 0.077	 0.000	 0.533	 0.267	 0.000	 0.000	 0.000	 0.000	 0.000	 0.000	 0.000	 0.000	 0.000	 0.000	 0.964	 0.800	 0.867	 0.933	 0.885	 0.286	 0.000	 0.000	 0.143	 0.000	 0.833	 0.625	 0.750	 0.800	 0.900	 0.311	 0.333
																																

	    Locus: L20.B
	     N	    13	    12	    15	    15	    13	    12	    15	    14	    11	    15	    11	    11	    13	    13	    14	    15	    15	    15	    13	    14	    15	    14	    15	    15	    12	     8	    10	     5	     5
	p:   1	 0.154	 0.167	 0.000	 0.033	 0.423	 0.000	 0.000	 0.000	 0.000	 0.000	 0.000	 0.000	 0.000	 0.000	 0.000	 0.000	 0.000	 0.000	 0.000	 0.107	 0.667	 1.000	 0.567	 1.000	 0.000	 0.000	 0.000	 0.000	 0.000	 0.160	 0.142
	p:   3	 0.000	 0.000	 0.233	 0.000	 0.000	 0.000	 0.000	 0.000	 0.000	 0.000	 0.000	 0.000	 0.000	 0.000	 0.000	 0.000	 0.000	 0.000	 0.000	 0.000	 0.000	 0.000	 0.000	 0.000	 0.000	 0.000	 0.000	 0.000	 0.000	 0.010	 0.008
	p:   4	 0.000	 0.000	 0.000	 0.000	 0.000	 0.000	 0.000	 0.000	 0.000	 0.000	 0.909	 1.000	 0.923	 1.000	 0.000	 0.000	 0.000	 0.000	 0.000	 0.000	 0.000	 0.000	 0.000	 0.000	 0.000	 0.000	 0.000	 0.000	 0.000	 0.125	 0.132
	p:   5	 0.846	 0.833	 0.767	 0.967	 0.577	 1.000	 0.933	 1.000	 1.000	 0.933	 0.091	 0.000	 0.077	 0.000	 1.000	 1.000	 1.000	 1.000	 1.000	 0.893	 0.333	 0.000	 0.433	 0.000	 0.833	 0.875	 0.950	 0.900	 0.800	 0.686	 0.691
	p:   6	 0.000	 0.000	 0.000	 0.000	 0.000	 0.000	 0.067	 0.000	 0.000	 0.067	 0.000	 0.000	 0.000	 0.000	 0.000	 0.000	 0.000	 0.000	 0.000	 0.000	 0.000	 0.000	 0.000	 0.000	 0.167	 0.125	 0.050	 0.100	 0.200	 0.019	 0.027
																																

	    Locus: L29.V
	     N	    13	    12	    14	    15	    13	    10	    12	     7	    13	    15	    11	    11	    13	    13	    14	    15	    15	    15	    13	    13	    15	    14	    14	    15	    12	     8	    10	     5	     5
	p:   1	 0.538	 0.167	 0.000	 0.000	 0.000	 0.000	 0.000	 0.000	 0.000	 0.000	 0.364	 0.182	 0.000	 0.077	 0.857	 0.700	 0.867	 0.967	 0.654	 0.769	 0.400	 1.000	 0.643	 1.000	 0.000	 0.000	 0.000	 0.000	 0.000	 0.362	 0.317
	p:   2	 0.462	 0.833	 0.143	 0.133	 1.000	 0.000	 0.000	 0.000	 0.000	 0.000	 0.000	 0.000	 0.000	 0.000	 0.071	 0.167	 0.133	 0.033	 0.346	 0.231	 0.600	 0.000	 0.357	 0.000	 0.333	 0.063	 0.350	 0.100	 0.200	 0.197	 0.192
	p:   3	 0.000	 0.000	 0.000	 0.000	 0.000	 0.000	 0.000	 0.000	 0.000	 0.000	 0.364	 0.545	 0.346	 0.385	 0.000	 0.000	 0.000	 0.000	 0.000	 0.000	 0.000	 0.000	 0.000	 0.000	 0.542	 0.938	 0.400	 0.800	 0.600	 0.125	 0.170
	p:   4	 0.000	 0.000	 0.679	 0.867	 0.000	 1.000	 1.000	 1.000	 1.000	 1.000	 0.273	 0.273	 0.654	 0.538	 0.071	 0.133	 0.000	 0.000	 0.000	 0.000	 0.000	 0.000	 0.000	 0.000	 0.000	 0.000	 0.000	 0.000	 0.000	 0.293	 0.293
	p:   5	 0.000	 0.000	 0.179	 0.000	 0.000	 0.000	 0.000	 0.000	 0.000	 0.000	 0.000	 0.000	 0.000	 0.000	 0.000	 0.000	 0.000	 0.000	 0.000	 0.000	 0.000	 0.000	 0.000	 0.000	 0.125	 0.000	 0.250	 0.100	 0.200	 0.023	 0.029
																																

	    Locus: L36.B
	     N	    13	    12	    15	    15	    13	    11	    15	    14	    12	    14	    11	    11	    13	    13	    14	    15	    15	    15	    13	    14	    15	    14	    15	    15	    12	     8	    10	     5	     5
	p:   1	 0.000	 0.000	 0.200	 0.000	 0.000	 0.000	 0.000	 0.000	 0.000	 0.000	 0.000	 0.000	 0.000	 0.000	 0.000	 0.000	 0.000	 0.000	 0.000	 0.000	 0.000	 0.000	 0.000	 0.000	 0.000	 0.000	 0.000	 0.000	 0.000	 0.008	 0.007
	p:   2	 0.615	 0.667	 0.533	 0.467	 0.923	 1.000	 1.000	 1.000	 1.000	 1.000	 0.364	 0.364	 0.077	 0.231	 0.000	 0.000	 0.067	 0.067	 0.000	 0.000	 0.000	 0.000	 0.067	 0.000	 0.000	 0.000	 0.000	 0.000	 0.000	 0.338	 0.326
	p:   3	 0.000	 0.000	 0.267	 0.500	 0.000	 0.000	 0.000	 0.000	 0.000	 0.000	 0.182	 0.636	 0.885	 0.615	 0.357	 0.433	 0.800	 0.933	 0.846	 0.000	 0.000	 0.000	 0.000	 0.000	 0.042	 0.188	 0.300	 0.000	 0.300	 0.259	 0.251
	p:   4	 0.000	 0.000	 0.000	 0.033	 0.077	 0.000	 0.000	 0.000	 0.000	 0.000	 0.455	 0.000	 0.000	 0.077	 0.000	 0.000	 0.000	 0.000	 0.000	 0.821	 0.933	 0.000	 0.667	 0.000	 0.000	 0.000	 0.000	 0.000	 0.000	 0.117	 0.106
	p:   5	 0.385	 0.333	 0.000	 0.000	 0.000	 0.000	 0.000	 0.000	 0.000	 0.000	 0.000	 0.000	 0.000	 0.077	 0.000	 0.000	 0.000	 0.000	 0.000	 0.179	 0.067	 0.321	 0.267	 0.667	 0.000	 0.063	 0.000	 0.100	 0.000	 0.090	 0.085
	p:   6	 0.000	 0.000	 0.000	 0.000	 0.000	 0.000	 0.000	 0.000	 0.000	 0.000	 0.000	 0.000	 0.038	 0.000	 0.000	 0.033	 0.000	 0.000	 0.077	 0.000	 0.000	 0.679	 0.000	 0.333	 0.958	 0.750	 0.700	 0.900	 0.700	 0.134	 0.178
	p:   7	 0.000	 0.000	 0.000	 0.000	 0.000	 0.000	 0.000	 0.000	 0.000	 0.000	 0.000	 0.000	 0.000	 0.000	 0.643	 0.533	 0.133	 0.000	 0.077	 0.000	 0.000	 0.000	 0.000	 0.000	 0.000	 0.000	 0.000	 0.000	 0.000	 0.054	 0.048
																																

	    Locus: L16.J
	     N	    13	    12	    15	    15	    13	    12	    15	    14	    11	    14	    11	    11	    13	    13	    14	    15	    15	    15	    13	    13	    15	    14	    15	    15	    12	     8	    10	     5	     5
	p:   1	 0.000	 0.000	 0.100	 0.200	 1.000	 0.667	 0.933	 1.000	 0.909	 1.000	 0.000	 0.000	 0.000	 0.000	 0.000	 0.000	 0.000	 0.000	 0.000	 0.692	 0.500	 1.000	 0.733	 1.000	 0.083	 0.188	 0.250	 0.300	 0.400	 0.389	 0.378
	p:   2	 0.000	 0.000	 0.000	 0.000	 0.000	 0.000	 0.000	 0.000	 0.000	 0.000	 0.227	 0.409	 0.846	 0.731	 0.000	 0.000	 0.000	 0.000	 0.000	 0.000	 0.000	 0.000	 0.000	 0.000	 0.917	 0.813	 0.750	 0.700	 0.600	 0.161	 0.207
	p:   3	 0.000	 0.000	 0.000	 0.000	 0.000	 0.000	 0.000	 0.000	 0.000	 0.000	 0.773	 0.591	 0.154	 0.269	 0.000	 0.133	 0.000	 0.000	 0.077	 0.000	 0.000	 0.000	 0.000	 0.000	 0.000	 0.000	 0.000	 0.000	 0.000	 0.064	 0.069
	p:   5	 0.731	 0.625	 0.800	 0.567	 0.000	 0.000	 0.000	 0.000	 0.000	 0.000	 0.000	 0.000	 0.000	 0.000	 0.000	 0.000	 0.000	 0.000	 0.000	 0.000	 0.000	 0.000	 0.000	 0.000	 0.000	 0.000	 0.000	 0.000	 0.000	 0.102	 0.094
	p:   6	 0.000	 0.000	 0.100	 0.233	 0.000	 0.000	 0.000	 0.000	 0.000	 0.000	 0.000	 0.000	 0.000	 0.000	 0.071	 0.200	 0.167	 0.267	 0.615	 0.000	 0.000	 0.000	 0.000	 0.000	 0.000	 0.000	 0.000	 0.000	 0.000	 0.064	 0.057
	p:   7	 0.269	 0.375	 0.000	 0.000	 0.000	 0.000	 0.000	 0.000	 0.000	 0.000	 0.000	 0.000	 0.000	 0.000	 0.929	 0.667	 0.833	 0.733	 0.308	 0.308	 0.500	 0.000	 0.267	 0.000	 0.000	 0.000	 0.000	 0.000	 0.000	 0.202	 0.179
	p:   9	 0.000	 0.000	 0.000	 0.000	 0.000	 0.333	 0.067	 0.000	 0.091	 0.000	 0.000	 0.000	 0.000	 0.000	 0.000	 0.000	 0.000	 0.000	 0.000	 0.000	 0.000	 0.000	 0.000	 0.000	 0.000	 0.000	 0.000	 0.000	 0.000	 0.016	 0.017
																																

************************************************

	Gene diversity per locus and population : 
	L21.V	 0.532	 0.159	 0.743	 0.538	 0.000	 0.000	 0.000	 0.000	 0.000	 0.000	 0.509	 0.509	 0.442	 0.564	 0.143	 0.133	 0.000	 0.000	 0.506	 0.313	 0.400	 0.000	 0.527	 0.000	 0.295	 0.554	 0.267	 0.500	 0.500
	L37.J	 0.558	 0.485	 0.581	 0.679	 0.385	 0.000	 0.000	 0.000	 0.000	 0.000	 0.000	 0.000	 0.000	 0.000	 0.071	 0.338	 0.248	 0.129	 0.218	 0.434	 0.000	 0.000	 0.264	 0.000	 0.303	 0.500	 0.411	 0.400	 0.200
	L20.B	 0.282	 0.303	 0.376	 0.067	 0.519	 0.000	 0.133	 0.000	 0.000	 0.133	 0.182	 0.000	 0.154	 0.000	 0.000	 0.000	 0.000	 0.000	 0.000	 0.203	 0.467	 0.000	 0.524	 0.000	 0.303	 0.232	 0.100	 0.200	 0.350
	L29.V	 0.538	 0.303	 0.516	 0.248	 0.000	 0.000	 0.000	 0.000	 0.000	 0.000	 0.727	 0.655	 0.487	 0.603	 0.275	 0.495	 0.248	 0.067	 0.487	 0.378	 0.510	 0.000	 0.489	 0.000	 0.621	 0.125	 0.706	 0.375	 0.700
	L36.B	 0.513	 0.485	 0.648	 0.567	 0.154	 0.000	 0.000	 0.000	 0.000	 0.000	 0.691	 0.509	 0.224	 0.603	 0.495	 0.555	 0.362	 0.133	 0.295	 0.308	 0.133	 0.467	 0.510	 0.476	 0.083	 0.438	 0.456	 0.200	 0.500
	L16.J	 0.423	 0.508	 0.360	 0.624	 0.000	 0.485	 0.133	 0.000	 0.182	 0.000	 0.382	 0.527	 0.282	 0.423	 0.143	 0.529	 0.295	 0.419	 0.558	 0.455	 0.529	 0.000	 0.419	 0.000	 0.159	 0.321	 0.411	 0.500	 0.550

************************************************

	number of alleles sampled : 
	L21.V	     2	     2	     4	     3	     1	     1	     1	     1	     1	     1	     2	     2	     3	     4	     2	     2	     1	     1	     2	     2	     3	     1	     2	     1	     2	     2	     2	     2	     2	     7
	L37.J	     3	     2	     3	     3	     2	     1	     1	     1	     1	     1	     1	     1	     1	     1	     2	     2	     2	     2	     2	     2	     1	     1	     2	     1	     2	     2	     2	     2	     2	     3
	L20.B	     2	     2	     2	     2	     2	     1	     2	     1	     1	     2	     2	     1	     2	     1	     1	     1	     1	     1	     1	     2	     2	     1	     2	     1	     2	     2	     2	     2	     2	     5
	L29.V	     2	     2	     3	     2	     1	     1	     1	     1	     1	     1	     3	     3	     2	     3	     3	     3	     2	     2	     2	     2	     2	     1	     2	     1	     3	     2	     3	     3	     3	     5
	L36.B	     2	     2	     3	     3	     2	     1	     1	     1	     1	     1	     3	     2	     3	     4	     2	     3	     3	     2	     3	     2	     2	     2	     3	     2	     2	     3	     2	     2	     2	     7
	L16.J	     2	     2	     3	     3	     1	     2	     2	     1	     2	     1	     2	     2	     2	     2	     2	     3	     2	     2	     3	     2	     2	     1	     2	     1	     2	     2	     2	     2	     2	     7

************************************************

	Fis Per population : 
	L21.V	 0.711	-0.048	 0.551	 0.876	    NA	    NA	    NA	    NA	    NA	    NA	 1.000	 1.000	 0.826	 0.864	 1.000	 1.000	    NA	    NA	 0.696	 0.772	 0.500	    NA	 1.000	    NA	 0.436	 0.548	-0.125	 0.600	 0.600
	L37.J	 0.724	 1.000	 0.541	 0.705	 1.000	    NA	    NA	    NA	    NA	    NA	    NA	    NA	    NA	    NA	 0.000	 0.606	 1.000	-0.037	 0.647	 0.671	    NA	    NA	 1.000	    NA	 1.000	 0.000	 0.757	 1.000	 0.000
	L20.B	 1.000	 1.000	 0.468	 0.000	 0.556	    NA	 1.000	    NA	    NA	 1.000	 1.000	    NA	 1.000	    NA	    NA	    NA	    NA	    NA	    NA	 0.649	 0.429	    NA	 0.873	    NA	 1.000	-0.077	 0.000	 0.000	-0.143
	L29.V	 1.000	 1.000	 0.585	 1.000	    NA	    NA	    NA	    NA	    NA	    NA	 1.000	 1.000	 0.842	 1.000	 1.000	 0.865	 1.000	 0.000	 0.842	 0.593	 0.738	    NA	 0.708	    NA	 0.598	 0.000	 0.433	-0.067	 1.000
	L36.B	 1.000	 1.000	 1.000	 0.882	 1.000	    NA	    NA	    NA	    NA	    NA	 1.000	 1.000	 0.657	 1.000	 1.000	 0.519	 1.000	 1.000	 1.000	 0.304	 1.000	 0.847	 0.738	 1.000	 0.000	 0.429	 0.561	 0.000	 0.600
	L16.J	 0.818	 0.836	 0.629	 0.893	    NA	 1.000	 1.000	    NA	 1.000	    NA	 0.762	 0.828	 1.000	 0.818	 1.000	 0.748	 0.774	 1.000	 0.724	 0.662	 0.622	    NA	 1.000	    NA	-0.048	-0.167	 0.757	 0.600	 0.273

	All 	 0.865	 0.889	 0.644	 0.829	 0.782	 1.000	 1.000	    NA	 1.000	 1.000	 0.964	 0.959	 0.855	 0.930	 0.937	 0.707	 0.942	 0.732	 0.776	 0.614	 0.607	 0.847	 0.875	 1.000	 0.622	 0.193	 0.489	 0.448	 0.500

************************************************
	Nei's estimation of heterozygosity 

	LocName	    Ho	    Hs	    Ht	   Dst	  Dst'	   Ht'	   Fst	  Fst'	   Fis
	L21.V	 0.083	 0.278	 0.644	 0.365	 0.379	 0.657	 0.568	 0.576	 0.701
	L37.J	 0.068	 0.213	 0.648	 0.435	 0.451	 0.664	 0.671	 0.679	 0.680
	L20.B	 0.064	 0.156	 0.484	 0.328	 0.340	 0.496	 0.677	 0.685	 0.591
	L29.V	 0.073	 0.329	 0.749	 0.420	 0.435	 0.764	 0.561	 0.570	 0.779
	L36.B	 0.061	 0.339	 0.779	 0.441	 0.457	 0.795	 0.566	 0.574	 0.820
	L16.J	 0.089	 0.331	 0.766	 0.436	 0.451	 0.782	 0.568	 0.577	 0.732

	Overall	 0.073	 0.274	 0.678	 0.404	 0.419	 0.693	 0.596	 0.604	 0.734

************************************************
	Weir & Cockerham (1984) estimation of Fit (CapF), Fst (theta) and Fis (smallF).
	relat is Relatedness estimated following Queller & Goodnight (1989)
	relatc is relatedness inbreeding corrected following Pamilo (1984, 1985)
	sig_a, sig_b and sig_w are the component of variance
	among samples, among individuals within samples and within individuals respectively.


	 For locus : L21.V
	Allele	  Capf	 Theta	Smallf	 Relat	Relatc	 Sig_a	 Sig_b	 Sig_w
	    1	-0.001	-0.002	 0.001	-0.005
	    2	 0.851	 0.423	 0.742	 0.457
	    3	 0.897	 0.630	 0.721	 0.664
	    4	 0.854	 0.481	 0.719	 0.519
	    5	 0.921	 0.836	 0.515	 0.871
	    6	 0.953	 0.421	 0.919	 0.431
	    7	 0.713	 0.366	 0.547	 0.428
	  All	 0.889	 0.607	 0.718	 0.643	-5.102	 0.403	 0.187	 0.073

	 For locus : L37.J
	Allele	  Capf	 Theta	Smallf	 Relat	Relatc	 Sig_a	 Sig_b	 Sig_w
	    1	 0.968	 0.771	 0.861	 0.783
	    2	 0.861	 0.583	 0.666	 0.627
	    3	 0.863	 0.659	 0.599	 0.708
	  All	 0.904	 0.683	 0.697	 0.717	-4.600	 0.445	 0.144	 0.063

	 For locus : L20.B
	Allele	  Capf	 Theta	Smallf	 Relat	Relatc	 Sig_a	 Sig_b	 Sig_w
	    1	 0.902	 0.676	 0.696	 0.711
	    3	 0.571	 0.185	 0.473	 0.236
	    4	 1.000	 0.952	 1.000	 0.952
	    5	 0.883	 0.657	 0.659	 0.698
	    6	 0.565	 0.053	 0.541	 0.067
	  All	 0.897	 0.698	 0.659	 0.736	-3.861	 0.349	 0.100	 0.052

	 For locus : L29.V
	Allele	  Capf	 Theta	Smallf	 Relat	Relatc	 Sig_a	 Sig_b	 Sig_w
	    1	 0.946	 0.624	 0.857	 0.642
	    2	 0.860	 0.390	 0.770	 0.420
	    3	 0.861	 0.481	 0.733	 0.517
	    4	 0.974	 0.742	 0.897	 0.752
	    5	 0.619	 0.119	 0.567	 0.147
	  All	 0.913	 0.571	 0.797	 0.597	-7.860	 0.425	 0.255	 0.065

	 For locus : L36.B
	Allele	  Capf	 Theta	Smallf	 Relat	Relatc	 Sig_a	 Sig_b	 Sig_w
	    1	 1.000	 0.130	 1.000	 0.130
	    2	 1.000	 0.674	 1.000	 0.674
	    3	 0.930	 0.519	 0.855	 0.537
	    4	 0.923	 0.686	 0.755	 0.714
	    5	 0.868	 0.295	 0.813	 0.316
	    6	 0.885	 0.659	 0.663	 0.700
	    7	 0.896	 0.463	 0.807	 0.488
	  All	 0.935	 0.576	 0.846	 0.596	-10.992	 0.457	 0.285	 0.052

	 For locus : L16.J
	Allele	  Capf	 Theta	Smallf	 Relat	Relatc	 Sig_a	 Sig_b	 Sig_w
	    1	 0.916	 0.712	 0.708	 0.744
	    2	 0.882	 0.682	 0.628	 0.725
	    3	 0.888	 0.447	 0.798	 0.473
	    5	 0.928	 0.642	 0.797	 0.667
	    6	 0.888	 0.250	 0.850	 0.265
	    7	 0.900	 0.520	 0.793	 0.547
	    9	 1.000	 0.177	 1.000	 0.177
	  All	 0.905	 0.590	 0.769	 0.619	-6.672	 0.460	 0.246	 0.074

************************************************

		 Over all loci
		  Capf	 Theta	Smallf	 Relat	Relatc	 Sig_a	 Sig_b	 Sig_w
		 0.909	 0.614	 0.763	 0.644	-6.435	 2.539	 1.216	 0.378

************************************************

************************************************
	Jackknifing over populations.

	 For locus : L21.V
		  Capf	 Theta	Smallf	 Relat
	 Total	 0.890	 0.607	 0.720	 0.642	 Means
	      	 0.026	 0.047	 0.057	 0.045	 Std. Err.

	 For locus : L37.J
		  Capf	 Theta	Smallf	 Relat
	 Total	 0.904	 0.683	 0.698	 0.718	 Means
	      	 0.028	 0.068	 0.065	 0.065	 Std. Err.

	 For locus : L20.B
		  Capf	 Theta	Smallf	 Relat
	 Total	 0.900	 0.706	 0.660	 0.744	 Means
	      	 0.038	 0.085	 0.083	 0.079	 Std. Err.

	 For locus : L29.V
		  Capf	 Theta	Smallf	 Relat
	 Total	 0.913	 0.570	 0.798	 0.597	 Means
	      	 0.023	 0.060	 0.049	 0.061	 Std. Err.

	 For locus : L36.B
		  Capf	 Theta	Smallf	 Relat
	 Total	 0.935	 0.576	 0.848	 0.596	 Means
	      	 0.019	 0.051	 0.047	 0.052	 Std. Err.

	 For locus : L16.J
		  Capf	 Theta	Smallf	 Relat
	 Total	 0.906	 0.590	 0.771	 0.619	 Means
	      	 0.018	 0.040	 0.041	 0.040	 Std. Err.

************************************************

	 Jackknifing over loci.

		  Capf	 Theta	Smallf	 Relat
	 total	 0.909	 0.613	 0.765	 0.642	 Means
	      	 0.007	 0.020	 0.027	 0.023	 Std. Err.

************************************************
	         Bootstrapping over Loci.

	         95% Confidence Interval.

		  CapF	 theta	Smallf	 Relat
		 0.897	 0.582	 0.710	 0.607
		 0.921	 0.655	 0.805	 0.690

	         99% Confidence Interval.

		  CapF	 theta	Smallf	 Relat
		 0.895	 0.577	 0.692	 0.600
		 0.925	 0.671	 0.818	 0.707

********************************************************************************************************************************************
*   The following results were generated the 08.12.2007 at 15:25:57 with Fstat for windows, V2.9.4  (June. 2003) from file gtrunchier.dat. *
********************************************************************************************************************************************
      		  pop1	  pop2	  pop3	  pop4	  pop5	  pop6	  pop7	  pop8	  pop9	 pop10	 pop11	 pop12	 pop13	 pop14	 pop15	 pop16	 pop17	 pop18	 pop19	 pop20	 pop21	 pop22	 pop23	 pop24	 pop25	 pop26	 pop27	 pop28	 pop29	 All_W	All_UW
	    Locus: L21.V
	     N	    13	    12	    15	    15	    13	    12	    15	    13	    13	    15	    11	    11	    13	    13	    14	    15	    15	    15	    13	    14	    15	    14	    14	    15	    12	     8	    10	     5	     5
	p:   1	 0.000	 0.000	 0.000	 0.000	 0.000	 0.000	 0.000	 0.000	 0.000	 0.000	 0.000	 0.000	 0.038	 0.038	 0.000	 0.000	 0.000	 0.000	 0.000	 0.000	 0.000	 0.000	 0.000	 0.000	 0.000	 0.000	 0.000	 0.000	 0.000	 0.003	 0.003
	p:   2	 0.538	 0.917	 0.333	 0.000	 1.000	 0.000	 0.000	 0.000	 0.000	 0.000	 0.636	 0.636	 0.231	 0.308	 0.071	 0.067	 0.000	 0.000	 0.385	 0.179	 0.067	 0.000	 0.571	 0.000	 0.167	 0.500	 0.150	 0.300	 0.300	 0.234	 0.254
	p:   3	 0.000	 0.000	 0.067	 0.067	 0.000	 0.000	 0.000	 0.000	 0.000	 0.000	 0.000	 0.000	 0.000	 0.000	 0.000	 0.000	 0.000	 0.000	 0.000	 0.821	 0.767	 0.000	 0.429	 0.000	 0.000	 0.000	 0.000	 0.000	 0.000	 0.084	 0.074
	p:   4	 0.000	 0.000	 0.300	 0.633	 0.000	 0.000	 0.000	 0.000	 0.000	 0.000	 0.000	 0.000	 0.000	 0.000	 0.000	 0.000	 0.000	 0.000	 0.000	 0.000	 0.000	 0.000	 0.000	 0.000	 0.000	 0.000	 0.000	 0.000	 0.000	 0.038	 0.032
	p:   5	 0.000	 0.000	 0.000	 0.000	 0.000	 1.000	 1.000	 1.000	 1.000	 1.000	 0.000	 0.000	 0.000	 0.038	 0.929	 0.933	 1.000	 1.000	 0.615	 0.000	 0.167	 1.000	 0.000	 1.000	 0.833	 0.500	 0.850	 0.700	 0.700	 0.529	 0.526
	p:   6	 0.000	 0.000	 0.300	 0.300	 0.000	 0.000	 0.000	 0.000	 0.000	 0.000	 0.364	 0.364	 0.731	 0.615	 0.000	 0.000	 0.000	 0.000	 0.000	 0.000	 0.000	 0.000	 0.000	 0.000	 0.000	 0.000	 0.000	 0.000	 0.000	 0.094	 0.092
	p:   7	 0.462	 0.083	 0.000	 0.000	 0.000	 0.000	 0.000	 0.000	 0.000	 0.000	 0.000	 0.000	 0.000	 0.000	 0.000	 0.000	 0.000	 0.000	 0.000	 0.000	 0.000	 0.000	 0.000	 0.000	 0.000	 0.000	 0.000	 0.000	 0.000	 0.019	 0.019
																																

	    Locus: L37.J
	     N	    13	    12	    15	    15	    13	    12	    15	    14	    11	    15	    11	    11	    13	    13	    14	    15	    15	    15	    13	    14	    15	    14	    14	    15	    12	     8	    10	     5	     5
	p:   1	 0.615	 0.667	 0.400	 0.467	 0.769	 1.000	 1.000	 1.000	 1.000	 1.000	 0.000	 0.000	 0.000	 0.000	 0.000	 0.000	 0.000	 0.000	 0.000	 0.714	 1.000	 1.000	 0.857	 1.000	 0.000	 0.000	 0.000	 0.000	 0.000	 0.469	 0.431
	p:   2	 0.308	 0.333	 0.067	 0.267	 0.231	 0.000	 0.000	 0.000	 0.000	 0.000	 1.000	 1.000	 1.000	 1.000	 0.036	 0.200	 0.133	 0.067	 0.115	 0.000	 0.000	 0.000	 0.000	 0.000	 0.167	 0.375	 0.250	 0.200	 0.100	 0.221	 0.236
	p:   3	 0.077	 0.000	 0.533	 0.267	 0.000	 0.000	 0.000	 0.000	 0.000	 0.000	 0.000	 0.000	 0.000	 0.000	 0.964	 0.800	 0.867	 0.933	 0.885	 0.286	 0.000	 0.000	 0.143	 0.000	 0.833	 0.625	 0.750	 0.800	 0.900	 0.311	 0.333
																																

	    Locus: L20.B
	     N	    13	    12	    15	    15	    13	    12	    15	    14	    11	    15	    11	    11	    13	    13	    14	    15	    15	    15	    13	    14	    15	    14	    15	    15	    12	     8	    10	     5	     5
	p:   1	 0.154	 0.167	 0.000	 0.033	 0.423	 0.000	 0.000	 0.000	 0.000	 0.000	 0.000	 0.000	 0.000	 0.000	 0.000	 0.000	 0.000	 0.000	 0.000	 0.107	 0.667	 1.000	 0.567	 1.000	 0.000	 0.000	 0.000	 0.000	 0.000	 0.160	 0.142
	p:   3	 0.000	 0.000	 0.233	 0.000	 0.000	 0.000	 0.000	 0.000	 0.000	 0.000	 0.000	 0.000	 0.000	 0.000	 0.000	 0.000	 0.000	 0.000	 0.000	 0.000	 0.000	 0.000	 0.000	 0.000	 0.000	 0.000	 0.000	 0.000	 0.000	 0.010	 0.008
	p:   4	 0.000	 0.000	 0.000	 0.000	 0.000	 0.000	 0.000	 0.000	 0.000	 0.000	 0.909	 1.000	 0.923	 1.000	 0.000	 0.000	 0.000	 0.000	 0.000	 0.000	 0.000	 0.000	 0.000	 0.000	 0.000	 0.000	 0.000	 0.000	 0.000	 0.125	 0.132
	p:   5	 0.846	 0.833	 0.767	 0.967	 0.577	 1.000	 0.933	 1.000	 1.000	 0.933	 0.091	 0.000	 0.077	 0.000	 1.000	 1.000	 1.000	 1.000	 1.000	 0.893	 0.333	 0.000	 0.433	 0.000	 0.833	 0.875	 0.950	 0.900	 0.800	 0.686	 0.691
	p:   6	 0.000	 0.000	 0.000	 0.000	 0.000	 0.000	 0.067	 0.000	 0.000	 0.067	 0.000	 0.000	 0.000	 0.000	 0.000	 0.000	 0.000	 0.000	 0.000	 0.000	 0.000	 0.000	 0.000	 0.000	 0.167	 0.125	 0.050	 0.100	 0.200	 0.019	 0.027
																																

	    Locus: L29.V
	     N	    13	    12	    14	    15	    13	    10	    12	     7	    13	    15	    11	    11	    13	    13	    14	    15	    15	    15	    13	    13	    15	    14	    14	    15	    12	     8	    10	     5	     5
	p:   1	 0.538	 0.167	 0.000	 0.000	 0.000	 0.000	 0.000	 0.000	 0.000	 0.000	 0.364	 0.182	 0.000	 0.077	 0.857	 0.700	 0.867	 0.967	 0.654	 0.769	 0.400	 1.000	 0.643	 1.000	 0.000	 0.000	 0.000	 0.000	 0.000	 0.362	 0.317
	p:   2	 0.462	 0.833	 0.143	 0.133	 1.000	 0.000	 0.000	 0.000	 0.000	 0.000	 0.000	 0.000	 0.000	 0.000	 0.071	 0.167	 0.133	 0.033	 0.346	 0.231	 0.600	 0.000	 0.357	 0.000	 0.333	 0.063	 0.350	 0.100	 0.200	 0.197	 0.192
	p:   3	 0.000	 0.000	 0.000	 0.000	 0.000	 0.000	 0.000	 0.000	 0.000	 0.000	 0.364	 0.545	 0.346	 0.385	 0.000	 0.000	 0.000	 0.000	 0.000	 0.000	 0.000	 0.000	 0.000	 0.000	 0.542	 0.938	 0.400	 0.800	 0.600	 0.125	 0.170
	p:   4	 0.000	 0.000	 0.679	 0.867	 0.000	 1.000	 1.000	 1.000	 1.000	 1.000	 0.273	 0.273	 0.654	 0.538	 0.071	 0.133	 0.000	 0.000	 0.000	 0.000	 0.000	 0.000	 0.000	 0.000	 0.000	 0.000	 0.000	 0.000	 0.000	 0.293	 0.293
	p:   5	 0.000	 0.000	 0.179	 0.000	 0.000	 0.000	 0.000	 0.000	 0.000	 0.000	 0.000	 0.000	 0.000	 0.000	 0.000	 0.000	 0.000	 0.000	 0.000	 0.000	 0.000	 0.000	 0.000	 0.000	 0.125	 0.000	 0.250	 0.100	 0.200	 0.023	 0.029
																																

	    Locus: L36.B
	     N	    13	    12	    15	    15	    13	    11	    15	    14	    12	    14	    11	    11	    13	    13	    14	    15	    15	    15	    13	    14	    15	    14	    15	    15	    12	     8	    10	     5	     5
	p:   1	 0.000	 0.000	 0.200	 0.000	 0.000	 0.000	 0.000	 0.000	 0.000	 0.000	 0.000	 0.000	 0.000	 0.000	 0.000	 0.000	 0.000	 0.000	 0.000	 0.000	 0.000	 0.000	 0.000	 0.000	 0.000	 0.000	 0.000	 0.000	 0.000	 0.008	 0.007
	p:   2	 0.615	 0.667	 0.533	 0.467	 0.923	 1.000	 1.000	 1.000	 1.000	 1.000	 0.364	 0.364	 0.077	 0.231	 0.000	 0.000	 0.067	 0.067	 0.000	 0.000	 0.000	 0.000	 0.067	 0.000	 0.000	 0.000	 0.000	 0.000	 0.000	 0.338	 0.326
	p:   3	 0.000	 0.000	 0.267	 0.500	 0.000	 0.000	 0.000	 0.000	 0.000	 0.000	 0.182	 0.636	 0.885	 0.615	 0.357	 0.433	 0.800	 0.933	 0.846	 0.000	 0.000	 0.000	 0.000	 0.000	 0.042	 0.188	 0.300	 0.000	 0.300	 0.259	 0.251
	p:   4	 0.000	 0.000	 0.000	 0.033	 0.077	 0.000	 0.000	 0.000	 0.000	 0.000	 0.455	 0.000	 0.000	 0.077	 0.000	 0.000	 0.000	 0.000	 0.000	 0.821	 0.933	 0.000	 0.667	 0.000	 0.000	 0.000	 0.000	 0.000	 0.000	 0.117	 0.106
	p:   5	 0.385	 0.333	 0.000	 0.000	 0.000	 0.000	 0.000	 0.000	 0.000	 0.000	 0.000	 0.000	 0.000	 0.077	 0.000	 0.000	 0.000	 0.000	 0.000	 0.179	 0.067	 0.321	 0.267	 0.667	 0.000	 0.063	 0.000	 0.100	 0.000	 0.090	 0.085
	p:   6	 0.000	 0.000	 0.000	 0.000	 0.000	 0.000	 0.000	 0.000	 0.000	 0.000	 0.000	 0.000	 0.038	 0.000	 0.000	 0.033	 0.000	 0.000	 0.077	 0.000	 0.000	 0.679	 0.000	 0.333	 0.958	 0.750	 0.700	 0.900	 0.700	 0.134	 0.178
	p:   7	 0.000	 0.000	 0.000	 0.000	 0.000	 0.000	 0.000	 0.000	 0.000	 0.000	 0.000	 0.000	 0.000	 0.000	 0.643	 0.533	 0.133	 0.000	 0.077	 0.000	 0.000	 0.000	 0.000	 0.000	 0.000	 0.000	 0.000	 0.000	 0.000	 0.054	 0.048
																																

	    Locus: L16.J
	     N	    13	    12	    15	    15	    13	    12	    15	    14	    11	    14	    11	    11	    13	    13	    14	    15	    15	    15	    13	    13	    15	    14	    15	    15	    12	     8	    10	     5	     5
	p:   1	 0.000	 0.000	 0.100	 0.200	 1.000	 0.667	 0.933	 1.000	 0.909	 1.000	 0.000	 0.000	 0.000	 0.000	 0.000	 0.000	 0.000	 0.000	 0.000	 0.692	 0.500	 1.000	 0.733	 1.000	 0.083	 0.188	 0.250	 0.300	 0.400	 0.389	 0.378
	p:   2	 0.000	 0.000	 0.000	 0.000	 0.000	 0.000	 0.000	 0.000	 0.000	 0.000	 0.227	 0.409	 0.846	 0.731	 0.000	 0.000	 0.000	 0.000	 0.000	 0.000	 0.000	 0.000	 0.000	 0.000	 0.917	 0.813	 0.750	 0.700	 0.600	 0.161	 0.207
	p:   3	 0.000	 0.000	 0.000	 0.000	 0.000	 0.000	 0.000	 0.000	 0.000	 0.000	 0.773	 0.591	 0.154	 0.269	 0.000	 0.133	 0.000	 0.000	 0.077	 0.000	 0.000	 0.000	 0.000	 0.000	 0.000	 0.000	 0.000	 0.000	 0.000	 0.064	 0.069
	p:   5	 0.731	 0.625	 0.800	 0.567	 0.000	 0.000	 0.000	 0.000	 0.000	 0.000	 0.000	 0.000	 0.000	 0.000	 0.000	 0.000	 0.000	 0.000	 0.000	 0.000	 0.000	 0.000	 0.000	 0.000	 0.000	 0.000	 0.000	 0.000	 0.000	 0.102	 0.094
	p:   6	 0.000	 0.000	 0.100	 0.233	 0.000	 0.000	 0.000	 0.000	 0.000	 0.000	 0.000	 0.000	 0.000	 0.000	 0.071	 0.200	 0.167	 0.267	 0.615	 0.000	 0.000	 0.000	 0.000	 0.000	 0.000	 0.000	 0.000	 0.000	 0.000	 0.064	 0.057
	p:   7	 0.269	 0.375	 0.000	 0.000	 0.000	 0.000	 0.000	 0.000	 0.000	 0.000	 0.000	 0.000	 0.000	 0.000	 0.929	 0.667	 0.833	 0.733	 0.308	 0.308	 0.500	 0.000	 0.267	 0.000	 0.000	 0.000	 0.000	 0.000	 0.000	 0.202	 0.179
	p:   9	 0.000	 0.000	 0.000	 0.000	 0.000	 0.333	 0.067	 0.000	 0.091	 0.000	 0.000	 0.000	 0.000	 0.000	 0.000	 0.000	 0.000	 0.000	 0.000	 0.000	 0.000	 0.000	 0.000	 0.000	 0.000	 0.000	 0.000	 0.000	 0.000	 0.016	 0.017
																																

************************************************

	Gene diversity per locus and population : 
	L21.V	 0.532	 0.159	 0.743	 0.538	 0.000	 0.000	 0.000	 0.000	 0.000	 0.000	 0.509	 0.509	 0.442	 0.564	 0.143	 0.133	 0.000	 0.000	 0.506	 0.313	 0.400	 0.000	 0.527	 0.000	 0.295	 0.554	 0.267	 0.500	 0.500
	L37.J	 0.558	 0.485	 0.581	 0.679	 0.385	 0.000	 0.000	 0.000	 0.000	 0.000	 0.000	 0.000	 0.000	 0.000	 0.071	 0.338	 0.248	 0.129	 0.218	 0.434	 0.000	 0.000	 0.264	 0.000	 0.303	 0.500	 0.411	 0.400	 0.200
	L20.B	 0.282	 0.303	 0.376	 0.067	 0.519	 0.000	 0.133	 0.000	 0.000	 0.133	 0.182	 0.000	 0.154	 0.000	 0.000	 0.000	 0.000	 0.000	 0.000	 0.203	 0.467	 0.000	 0.524	 0.000	 0.303	 0.232	 0.100	 0.200	 0.350
	L29.V	 0.538	 0.303	 0.516	 0.248	 0.000	 0.000	 0.000	 0.000	 0.000	 0.000	 0.727	 0.655	 0.487	 0.603	 0.275	 0.495	 0.248	 0.067	 0.487	 0.378	 0.510	 0.000	 0.489	 0.000	 0.621	 0.125	 0.706	 0.375	 0.700
	L36.B	 0.513	 0.485	 0.648	 0.567	 0.154	 0.000	 0.000	 0.000	 0.000	 0.000	 0.691	 0.509	 0.224	 0.603	 0.495	 0.555	 0.362	 0.133	 0.295	 0.308	 0.133	 0.467	 0.510	 0.476	 0.083	 0.438	 0.456	 0.200	 0.500
	L16.J	 0.423	 0.508	 0.360	 0.624	 0.000	 0.485	 0.133	 0.000	 0.182	 0.000	 0.382	 0.527	 0.282	 0.423	 0.143	 0.529	 0.295	 0.419	 0.558	 0.455	 0.529	 0.000	 0.419	 0.000	 0.159	 0.321	 0.411	 0.500	 0.550

************************************************

	number of alleles sampled : 
	L21.V	     2	     2	     4	     3	     1	     1	     1	     1	     1	     1	     2	     2	     3	     4	     2	     2	     1	     1	     2	     2	     3	     1	     2	     1	     2	     2	     2	     2	     2	     7
	L37.J	     3	     2	     3	     3	     2	     1	     1	     1	     1	     1	     1	     1	     1	     1	     2	     2	     2	     2	     2	     2	     1	     1	     2	     1	     2	     2	     2	     2	     2	     3
	L20.B	     2	     2	     2	     2	     2	     1	     2	     1	     1	     2	     2	     1	     2	     1	     1	     1	     1	     1	     1	     2	     2	     1	     2	     1	     2	     2	     2	     2	     2	     5
	L29.V	     2	     2	     3	     2	     1	     1	     1	     1	     1	     1	     3	     3	     2	     3	     3	     3	     2	     2	     2	     2	     2	     1	     2	     1	     3	     2	     3	     3	     3	     5
	L36.B	     2	     2	     3	     3	     2	     1	     1	     1	     1	     1	     3	     2	     3	     4	     2	     3	     3	     2	     3	     2	     2	     2	     3	     2	     2	     3	     2	     2	     2	     7
	L16.J	     2	     2	     3	     3	     1	     2	     2	     1	     2	     1	     2	     2	     2	     2	     2	     3	     2	     2	     3	     2	     2	     1	     2	     1	     2	     2	     2	     2	     2	     7

************************************************

	Allelic Richness per locus and population
	based on min. sample size of:    5 diploid individuals.
	L21.V	 2.000	 1.670	 3.534	 2.551	 1.000	 1.000	 1.000	 1.000	 1.000	 1.000	 1.998	 1.998	 2.350	 2.761	 1.595	 1.563	 1.000	 1.000	 1.998	 1.913	 2.454	 1.000	 1.999	 1.000	 1.906	 2.000	 1.895	 2.000	 2.000	 3.673
	L37.J	 2.623	 1.996	 2.562	 2.957	 1.965	 1.000	 1.000	 1.000	 1.000	 1.000	 1.000	 1.000	 1.000	 1.000	 1.357	 1.935	 1.823	 1.563	 1.785	 1.986	 1.000	 1.000	 1.851	 1.000	 1.906	 2.000	 1.984	 2.000	 2.000	 2.894
	L20.B	 1.878	 1.906	 1.962	 1.333	 1.999	 1.000	 1.563	 1.000	 1.000	 1.563	 1.714	 1.000	 1.631	 1.000	 1.000	 1.000	 1.000	 1.000	 1.000	 1.751	 1.994	 1.000	 1.999	 1.000	 1.906	 1.875	 1.500	 2.000	 2.000	 2.834
	L29.V	 2.000	 1.906	 2.763	 1.823	 1.000	 1.000	 1.000	 1.000	 1.000	 1.000	 2.985	 2.920	 1.996	 2.629	 2.190	 2.714	 1.823	 1.333	 1.996	 1.965	 1.999	 1.000	 1.997	 1.000	 2.816	 1.625	 2.982	 3.000	 3.000	 3.795
	L36.B	 1.998	 1.996	 2.913	 2.333	 1.631	 1.000	 1.000	 1.000	 1.000	 1.000	 2.931	 1.998	 2.015	 3.227	 1.997	 2.333	 2.386	 1.563	 2.262	 1.913	 1.563	 1.993	 2.542	 1.994	 1.417	 2.589	 1.995	 2.000	 2.000	 4.537
	L16.J	 1.983	 1.998	 2.438	 2.897	 1.000	 1.996	 1.563	 1.000	 1.714	 1.000	 1.970	 2.000	 1.878	 1.983	 1.595	 2.758	 1.891	 1.978	 2.623	 1.992	 2.000	 1.000	 1.978	 1.000	 1.670	 1.964	 1.984	 2.000	 2.000	 4.511

************************************************

	Fis Per population : 
	L21.V	 0.711	-0.048	 0.551	 0.876	    NA	    NA	    NA	    NA	    NA	    NA	 1.000	 1.000	 0.826	 0.864	 1.000	 1.000	    NA	    NA	 0.696	 0.772	 0.500	    NA	 1.000	    NA	 0.436	 0.548	-0.125	 0.600	 0.600
	L37.J	 0.724	 1.000	 0.541	 0.705	 1.000	    NA	    NA	    NA	    NA	    NA	    NA	    NA	    NA	    NA	 0.000	 0.606	 1.000	-0.037	 0.647	 0.671	    NA	    NA	 1.000	    NA	 1.000	 0.000	 0.757	 1.000	 0.000
	L20.B	 1.000	 1.000	 0.468	 0.000	 0.556	    NA	 1.000	    NA	    NA	 1.000	 1.000	    NA	 1.000	    NA	    NA	    NA	    NA	    NA	    NA	 0.649	 0.429	    NA	 0.873	    NA	 1.000	-0.077	 0.000	 0.000	-0.143
	L29.V	 1.000	 1.000	 0.585	 1.000	    NA	    NA	    NA	    NA	    NA	    NA	 1.000	 1.000	 0.842	 1.000	 1.000	 0.865	 1.000	 0.000	 0.842	 0.593	 0.738	    NA	 0.708	    NA	 0.598	 0.000	 0.433	-0.067	 1.000
	L36.B	 1.000	 1.000	 1.000	 0.882	 1.000	    NA	    NA	    NA	    NA	    NA	 1.000	 1.000	 0.657	 1.000	 1.000	 0.519	 1.000	 1.000	 1.000	 0.304	 1.000	 0.847	 0.738	 1.000	 0.000	 0.429	 0.561	 0.000	 0.600
	L16.J	 0.818	 0.836	 0.629	 0.893	    NA	 1.000	 1.000	    NA	 1.000	    NA	 0.762	 0.828	 1.000	 0.818	 1.000	 0.748	 0.774	 1.000	 0.724	 0.662	 0.622	    NA	 1.000	    NA	-0.048	-0.167	 0.757	 0.600	 0.273

	All 	 0.865	 0.889	 0.644	 0.829	 0.782	 1.000	 1.000	    NA	 1.000	 1.000	 0.964	 0.959	 0.855	 0.930	 0.937	 0.707	 0.942	 0.732	 0.776	 0.614	 0.607	 0.847	 0.875	 1.000	 0.622	 0.193	 0.489	 0.448	 0.500

************************************************
	Nei's estimation of heterozygosity 

	LocName	    Ho	    Hs	    Ht	   Dst	  Dst'	   Ht'	   Fst	  Fst'	   Fis
	L21.V	 0.083	 0.278	 0.644	 0.365	 0.379	 0.657	 0.568	 0.576	 0.701
	L37.J	 0.068	 0.213	 0.648	 0.435	 0.451	 0.664	 0.671	 0.679	 0.680
	L20.B	 0.064	 0.156	 0.484	 0.328	 0.340	 0.496	 0.677	 0.685	 0.591
	L29.V	 0.073	 0.329	 0.749	 0.420	 0.435	 0.764	 0.561	 0.570	 0.779
	L36.B	 0.061	 0.339	 0.779	 0.441	 0.457	 0.795	 0.566	 0.574	 0.820
	L16.J	 0.089	 0.331	 0.766	 0.436	 0.451	 0.782	 0.568	 0.577	 0.732

	Overall	 0.073	 0.274	 0.678	 0.404	 0.419	 0.693	 0.596	 0.604	 0.734
